<?xml version="1.0" encoding="UTF-8" ?>
<testsuite tests="1" failures="0" name="cdiprojekt.MeinTest" time="0.008" errors="0" skipped="0">
  <properties>
    <property name="java.runtime.name" value="OpenJDK Runtime Environment"/>
    <property name="sun.boot.library.path" value="C:\Program Files\Java\jre\bin"/>
    <property name="java.vm.version" value="25.222-b10"/>
    <property name="java.vm.vendor" value=""/>
    <property name="maven.multiModuleProjectDirectory" value="C:\Users\dthiemer\eclipse-workspace\cdiprojekt"/>
    <property name="java.vendor.url" value="http://java.oracle.com/"/>
    <property name="path.separator" value=";"/>
    <property name="guice.disable.misplaced.annotation.check" value="true"/>
    <property name="java.vm.name" value="OpenJDK 64-Bit Server VM"/>
    <property name="file.encoding.pkg" value="sun.io"/>
    <property name="user.script" value=""/>
    <property name="user.country" value="DE"/>
    <property name="sun.java.launcher" value="SUN_STANDARD"/>
    <property name="sun.os.patch.level" value=""/>
    <property name="java.vm.specification.name" value="Java Virtual Machine Specification"/>
    <property name="user.dir" value="C:\Users\dthiemer\eclipse-workspace\cdiprojekt"/>
    <property name="java.runtime.version" value="1.8.0_222-4-redhat-b10"/>
    <property name="java.awt.graphicsenv" value="sun.awt.Win32GraphicsEnvironment"/>
    <property name="java.endorsed.dirs" value="C:\Program Files\Java\jre\lib\endorsed"/>
    <property name="os.arch" value="amd64"/>
    <property name="java.io.tmpdir" value="C:\TEMP\"/>
    <property name="line.separator" value="
"/>
    <property name="java.vm.specification.vendor" value="Oracle Corporation"/>
    <property name="user.variant" value=""/>
    <property name="os.name" value="Windows 10"/>
    <property name="classworlds.conf" value="C:\Usage\Libraries\apache-maven-3.6.2\bin\..\bin\m2.conf"/>
    <property name="sun.jnu.encoding" value="Cp1252"/>
    <property name="java.library.path" value="C:\Program Files\Java\bin;C:\Windows\Sun\Java\bin;C:\Windows\system32;C:\Windows;C:\ProgramData\DockerDesktop\version-bin;C:\Program Files\Docker\Docker\Resources\bin;C:\Program Files (x86)\Common Files\Oracle\Java\javapath;C:\Windows\system32;C:\Windows;C:\Windows\System32\Wbem;C:\Windows\System32\WindowsPowerShell\v1.0\;C:\Windows\System32\OpenSSH\;C:\Program Files (x86)\DX-Union\bin\;C:\Program Files (x86)\PuTTY\;C:\Program Files\Git\cmd;C:\Program Files\Java\bin;C:\Program Files\Java\jre\bin;C:\Program Files\nodejs\;C:\Users\dthiemer\AppData\Local\Programs\Python\Python37\Scripts;C:\Users\dthiemer\AppData\Local\Programs\Python\Python37;C:\Users\dthiemer\AppData\Local\Microsoft\WindowsApps;C:\Program Files (x86)\Java\jre1.8.0_221\bin;C:\Usage\Libraries\apache-maven-3.6.2\bin;C:\Users\dthiemer\AppData\Local\Programs\Microsoft VS Code\bin;C:\Users\dthiemer\AppData\Roaming\npm;C:\Program Files\JetBrains\IntelliJ IDEA 2019.2.4\bin;;;."/>
    <property name="maven.conf" value="C:\Usage\Libraries\apache-maven-3.6.2\bin\../conf"/>
    <property name="java.specification.name" value="Java Platform API Specification"/>
    <property name="java.class.version" value="52.0"/>
    <property name="sun.management.compiler" value="HotSpot 64-Bit Tiered Compilers"/>
    <property name="os.version" value="10.0"/>
    <property name="library.jansi.path" value="C:\Usage\Libraries\apache-maven-3.6.2\bin\..\lib\jansi-native"/>
    <property name="user.home" value="C:\Users\dthiemer"/>
    <property name="user.timezone" value="Europe/Berlin"/>
    <property name="java.awt.printerjob" value="sun.awt.windows.WPrinterJob"/>
    <property name="java.specification.version" value="1.8"/>
    <property name="file.encoding" value="Cp1252"/>
    <property name="user.name" value="dthiemer"/>
    <property name="java.class.path" value="C:\Usage\Libraries\apache-maven-3.6.2\bin\..\boot\plexus-classworlds-2.6.0.jar"/>
    <property name="java.vm.specification.version" value="1.8"/>
    <property name="sun.arch.data.model" value="64"/>
    <property name="java.home" value="C:\Program Files\Java\jre"/>
    <property name="sun.java.command" value="org.codehaus.plexus.classworlds.launcher.Launcher test"/>
    <property name="java.specification.vendor" value="Oracle Corporation"/>
    <property name="user.language" value="de"/>
    <property name="awt.toolkit" value="sun.awt.windows.WToolkit"/>
    <property name="java.vm.info" value="mixed mode"/>
    <property name="java.version" value="1.8.0_222-4-redhat"/>
    <property name="java.ext.dirs" value="C:\Program Files\Java\jre\lib\ext;C:\Windows\Sun\Java\lib\ext"/>
    <property name="sun.boot.class.path" value="C:\Program Files\Java\jre\lib\resources.jar;C:\Program Files\Java\jre\lib\rt.jar;C:\Program Files\Java\jre\lib\sunrsasign.jar;C:\Program Files\Java\jre\lib\jsse.jar;C:\Program Files\Java\jre\lib\jce.jar;C:\Program Files\Java\jre\lib\charsets.jar;C:\Program Files\Java\jre\lib\jfr.jar;C:\Program Files\Java\jre\classes"/>
    <property name="sun.stderr.encoding" value="cp850"/>
    <property name="java.vendor" value="Oracle Corporation"/>
    <property name="maven.home" value="C:\Usage\Libraries\apache-maven-3.6.2\bin\.."/>
    <property name="file.separator" value="\"/>
    <property name="java.vendor.url.bug" value="http://bugreport.sun.com/bugreport/"/>
    <property name="sun.cpu.endian" value="little"/>
    <property name="sun.io.unicode.encoding" value="UnicodeLittle"/>
    <property name="sun.stdout.encoding" value="cp850"/>
    <property name="sun.desktop" value="windows"/>
    <property name="sun.cpu.isalist" value="amd64"/>
  </properties>
  <testcase classname="cdiprojekt.MeinTest" name="calculator_test_sum" time="0.008"/>
</testsuite>